<?xml version="1.0" encoding="UTF-8"?>
<!-- Generated by org.testng.reporters.JUnitReportReporter -->
<testsuite hostname="desktop-pc" failures="0" tests="1" name="Login.sadscenarioLogin" time="6.750" errors="0" timestamp="2025-07-06T06:31:21 PDT" skipped="0">
  <testcase classname="Login.sadscenarioLogin" name="create_Account" time="6.750"/>
</testsuite> <!-- Login.sadscenarioLogin -->
