<?xml version="1.0" encoding="UTF-8"?>
<!-- Generated by org.testng.reporters.JUnitReportReporter -->
<testsuite hostname="desktop-pc" failures="0" tests="1" name="Login.sadscenarioLogin" time="6.752" errors="0" timestamp="2025-07-03T07:36:44 PDT" skipped="0">
  <testcase classname="Login.sadscenarioLogin" name="create_Account" time="6.752"/>
</testsuite> <!-- Login.sadscenarioLogin -->
