<?xml version="1.0" encoding="UTF-8"?>
<!-- Generated by org.testng.reporters.JUnitReportReporter -->
<testsuite hostname="desktop-pc" failures="0" tests="1" name="Login.LoginTest" time="31.620" errors="0" timestamp="2025-07-08T10:50:31 PDT" skipped="0">
  <testcase classname="Login.LoginTest" name="mytestthefrom" time="31.620"/>
</testsuite> <!-- Login.LoginTest -->
