<?xml version="1.0" encoding="UTF-8"?>
<!-- Generated by org.testng.reporters.JUnitReportReporter -->
<testsuite hostname="desktop-pc" failures="0" tests="1" name="firstproject.my_first1" time="0.740" errors="0" timestamp="2025-06-27T04:40:34 PDT" skipped="0">
  <testcase classname="firstproject.my_first1" name="my_first" time="0.740"/>
</testsuite> <!-- firstproject.my_first1 -->
