<?xml version="1.0" encoding="UTF-8"?>
<!-- Generated by org.testng.reporters.JUnitReportReporter -->
<testsuite hostname="desktop-pc" failures="0" tests="1" name="thefirst1.project1" time="0.685" errors="0" timestamp="2025-06-30T07:23:44 PDT" skipped="0">
  <testcase classname="thefirst1.project1" name="login" time="0.685"/>
</testsuite> <!-- thefirst1.project1 -->
