<?xml version="1.0" encoding="UTF-8"?>
<!-- Generated by org.testng.reporters.JUnitReportReporter -->
<testsuite hostname="desktop-pc" failures="0" tests="1" name="Login.LoginTest" time="16.896" errors="0" timestamp="2025-07-07T10:38:03 PDT" skipped="0">
  <testcase classname="Login.LoginTest" name="mytestthefrom" time="16.896"/>
</testsuite> <!-- Login.LoginTest -->
